15123
🔓 [bad0f1] 화면 잠금 해제 시도 중...
✅ 잠금 해제 스크립트 실행 완료!
✅ PCAPdroid가 이미 설치되어 있습니다. (설치 패스!)
[FileManager] ✅ 기존 데이터 초기화 및 폴더 전체 가져오기 성공: temp_xml
[FileManager] ✅ 기존 데이터 초기화 및 폴더 전체 가져오기 성공: temp_xml
👥 [유저 목록 갱신] 총 22명의 006 유저를 찾았습니다.
[System] ✅ 미러링 창 삽입 및 새로고침 완료! (HWND: 266620)
✅ PCAPdroid를 TCP exporter 모드로 전환했습니다 (수신지: 127.0.0.1:15123)
📡 실시간 SIP Flow 스트리밍 대기 중 (PCAPdroid → TCP exporter)...
✅ 실시간 SIP Flow 스트리밍 시작!

[Call] 📞 'JH_Pri 01' (PTT) 발신을 시작합니다.
🔙 메인 화면(EveryTalkMain)을 찾기 위해 뒤로가기를 누릅니다. (1/5)
🔙 메인 화면(EveryTalkMain)을 찾기 위해 뒤로가기를 누릅니다. (2/5)
🔙 메인 화면(EveryTalkMain)을 찾기 위해 뒤로가기를 누릅니다. (3/5)
🔙 메인 화면(EveryTalkMain)을 찾기 위해 뒤로가기를 누릅니다. (4/5)
🔙 메인 화면(EveryTalkMain)을 찾기 위해 뒤로가기를 누릅니다. (5/5)
🔀 현재 채널이 다릅니다. 'JH_Pri 01' 그룹으로 전환합니다.
📜 화면에 안 보여서 아래에서 위로 스와이프하며 'JH_Pri 01'를 찾습니다.
ℹ️ 'JH_Pri 01' 세션 상태: NonActive
📞 'JH_Pri 01' (PTT) 호 연결을 시도합니다.
✅ 'JH_Pri 01' 채널 연결을 확인했습니다.
🎤 발언권을 요청합니다 (PTT 키 누름).
🗣️ 12초간 발언을 유지합니다...
🔇 발언권을 반납합니다 (PTT 키 다시 누름).
✅ 'JH_Pri 01' (PTT) 호 발신 시나리오 완료!
